[    0.000000] Initializing cgroup subsys cpuset
[    0.000000] Initializing cgroup subsys cpu
[    0.000000] Initializing cgroup subsys cpuacct
[    0.000000] Linux version 4.4.0-210-generic (buildd@lgw01-amd64-009) (gcc version 5.4.0 20160609 (Ubuntu 5.4.0-6ubuntu1~16.04.12) ) #242-Ubuntu SMP Fri Apr 16 09:57:56 UTC 2021 (Ubuntu 4.4.0-210.242-generic 4.4.262)
[    0.000000] Command line: BOOT_IMAGE=/boot/vmlinuz-4.4.0-210-generic root=LABEL=cloudimg-rootfs ro console=tty1 console=ttyS0
[    0.000000] KERNEL supported cpus:
[    0.000000]   Intel GenuineIntel
[    0.000000]   AMD AuthenticAMD
[    0.000000]   Centaur CentaurHauls
[    0.000000] x86/fpu: xstate_offset[2]:  576, xstate_sizes[2]:  256
[    0.000000] x86/fpu: Supporting XSAVE feature 0x01: 'x87 floating point registers'
[    0.000000] x86/fpu: Supporting XSAVE feature 0x02: 'SSE registers'
[    0.000000] x86/fpu: Supporting XSAVE feature 0x04: 'AVX registers'
[    0.000000] x86/fpu: Enabled xstate features 0x7, context size is 832 bytes, using 'standard' format.
[    0.000000] e820: BIOS-provided physical RAM map:
[    0.000000] BIOS-e820: [mem 0x0000000000000000-0x000000000009fbff] usable
[    0.000000] BIOS-e820: [mem 0x000000000009fc00-0x000000000009ffff] reserved
[    0.000000] BIOS-e820: [mem 0x00000000000f0000-0x00000000000fffff] reserved
[    0.000000] BIOS-e820: [mem 0x0000000000100000-0x000000003ffeffff] usable
[    0.000000] BIOS-e820: [mem 0x000000003fff0000-0x000000003fffffff] ACPI data
[    0.000000] BIOS-e820: [mem 0x00000000fec00000-0x00000000fec00fff] reserved
[    0.000000] BIOS-e820: [mem 0x00000000fee00000-0x00000000fee00fff] reserved
[    0.000000] BIOS-e820: [mem 0x00000000fffc0000-0x00000000ffffffff] reserved
[    0.000000] NX (Execute Disable) protection: active
[    0.000000] SMBIOS 2.5 present.
[    0.000000] Hypervisor detected: KVM
[    0.000000] Kernel/User page tables isolation: disabled
[    0.000000] e820: last_pfn = 0x3fff0 max_arch_pfn = 0x400000000
[    0.000000] MTRR: Disabled
[    0.000000] x86/PAT: MTRRs disabled, skipping PAT initialization too.
[    0.000000] CPU MTRRs all blank - virtualized system.
[    0.000000] x86/PAT: Configuration [0-7]: WB  WT  UC- UC  WB  WT  UC- UC  
[    0.000000] found SMP MP-table at [mem 0x0009fff0-0x0009ffff] mapped at [ffff88000009fff0]
[    0.000000] Scanning 1 areas for low memory corruption
[    0.000000] RAMDISK: [mem 0x362dc000-0x37165fff]
[    0.000000] ACPI: Early table checksum verification disabled
[    0.000000] ACPI: RSDP 0x00000000000E0000 000024 (v02 VBOX  )
[    0.000000] ACPI: XSDT 0x000000003FFF0030 00003C (v01 VBOX   VBOXXSDT 00000001 ASL  00000061)
[    0.000000] ACPI: FACP 0x000000003FFF00F0 0000F4 (v04 VBOX   VBOXFACP 00000001 ASL  00000061)
[    0.000000] ACPI: DSDT 0x000000003FFF0610 002353 (v02 VBOX   VBOXBIOS 00000002 INTL 20100528)
[    0.000000] ACPI: FACS 0x000000003FFF0200 000040
[    0.000000] ACPI: FACS 0x000000003FFF0200 000040
[    0.000000] ACPI: APIC 0x000000003FFF0240 00005C (v02 VBOX   VBOXAPIC 00000001 ASL  00000061)
[    0.000000] ACPI: SSDT 0x000000003FFF02A0 00036C (v01 VBOX   VBOXCPUT 00000002 INTL 20100528)
[    0.000000] No NUMA configuration found
[    0.000000] Faking a node at [mem 0x0000000000000000-0x000000003ffeffff]
[    0.000000] NODE_DATA(0) allocated [mem 0x3ffeb000-0x3ffeffff]
[    0.000000] kvm-clock: Using msrs 4b564d01 and 4b564d00
[    0.000000] kvm-clock: cpu 0, msr 0:3ffe3001, primary cpu clock
[    0.000000] kvm-clock: using sched offset of 3178204468 cycles
[    0.000000] clocksource: kvm-clock: mask: 0xffffffffffffffff max_cycles: 0x1cd42e4dffb, max_idle_ns: 881590591483 ns
[    0.000000] Zone ranges:
[    0.000000]   DMA      [mem 0x0000000000001000-0x0000000000ffffff]
[    0.000000]   DMA32    [mem 0x0000000001000000-0x000000003ffeffff]
[    0.000000]   Normal   empty
[    0.000000]   Device   empty
[    0.000000] Movable zone start for each node
[    0.000000] Early memory node ranges
[    0.000000]   node   0: [mem 0x0000000000001000-0x000000000009efff]
[    0.000000]   node   0: [mem 0x0000000000100000-0x000000003ffeffff]
[    0.000000] Initmem setup node 0 [mem 0x0000000000001000-0x000000003ffeffff]
[    0.000000] ACPI: PM-Timer IO Port: 0x4008
[    0.000000] IOAPIC[0]: apic_id 2, version 32, address 0xfec00000, GSI 0-23
[    0.000000] ACPI: INT_SRC_OVR (bus 0 bus_irq 0 global_irq 2 dfl dfl)
[    0.000000] ACPI: INT_SRC_OVR (bus 0 bus_irq 9 global_irq 9 low level)
[    0.000000] Using ACPI (MADT) for SMP configuration information
[    0.000000] smpboot: Allowing 2 CPUs, 0 hotplug CPUs
[    0.000000] PM: Registered nosave memory: [mem 0x00000000-0x00000fff]
[    0.000000] PM: Registered nosave memory: [mem 0x0009f000-0x0009ffff]
[    0.000000] PM: Registered nosave memory: [mem 0x000a0000-0x000effff]
[    0.000000] PM: Registered nosave memory: [mem 0x000f0000-0x000fffff]
[    0.000000] e820: [mem 0x40000000-0xfebfffff] available for PCI devices
[    0.000000] Booting paravirtualized kernel on KVM
[    0.000000] clocksource: refined-jiffies: mask: 0xffffffff max_cycles: 0xffffffff, max_idle_ns: 7645519600211568 ns
[    0.000000] setup_percpu: NR_CPUS:512 nr_cpumask_bits:512 nr_cpu_ids:2 nr_node_ids:1
[    0.000000] PERCPU: Embedded 33 pages/cpu @ffff88003fc00000 s95192 r8192 d31784 u1048576
[    0.000000] Built 1 zonelists in Node order, mobility grouping on.  Total pages: 257912
[    0.000000] Policy zone: DMA32
[    0.000000] Kernel command line: BOOT_IMAGE=/boot/vmlinuz-4.4.0-210-generic root=LABEL=cloudimg-rootfs ro console=tty1 console=ttyS0
[    0.000000] PID hash table entries: 4096 (order: 3, 32768 bytes)
[    0.000000] Memory: 997792K/1048120K available (8644K kernel code, 1332K rwdata, 4044K rodata, 1492K init, 1164K bss, 50328K reserved, 0K cma-reserved)
[    0.000000] SLUB: HWalign=64, Order=0-3, MinObjects=0, CPUs=2, Nodes=1
[    0.000000] Hierarchical RCU implementation.
[    0.000000] 	Build-time adjustment of leaf fanout to 64.
[    0.000000] 	RCU restricting CPUs from NR_CPUS=512 to nr_cpu_ids=2.
[    0.000000] RCU: Adjusting geometry for rcu_fanout_leaf=64, nr_cpu_ids=2
[    0.000000] NR_IRQS:33024 nr_irqs:440 16
[    0.000000] Console: colour VGA+ 80x25
[    0.000000] console [tty1] enabled
[    0.000000] console [ttyS0] enabled
[    0.000000] tsc: Detected 2419.200 MHz processor
[    0.128627] Calibrating delay loop (skipped) preset value.. 4838.40 BogoMIPS (lpj=9676800)
[    0.130024] pid_max: default: 32768 minimum: 301
[    0.130790] ACPI: Core revision 20150930
[    0.132294] ACPI: 2 ACPI AML tables successfully acquired and loaded
[    0.133381] Security Framework initialized
[    0.134049] Yama: becoming mindful.
[    0.134675] AppArmor: AppArmor initialized
[    0.135416] Dentry cache hash table entries: 131072 (order: 8, 1048576 bytes)
[    0.136654] Inode-cache hash table entries: 65536 (order: 7, 524288 bytes)
[    0.140752] Mount-cache hash table entries: 2048 (order: 2, 16384 bytes)
[    0.141723] Mountpoint-cache hash table entries: 2048 (order: 2, 16384 bytes)
[    0.142896] Initializing cgroup subsys io
[    0.143600] Initializing cgroup subsys memory
[    0.144301] Initializing cgroup subsys devices
[    0.145032] Initializing cgroup subsys freezer
[    0.145844] Initializing cgroup subsys net_cls
[    0.146565] Initializing cgroup subsys perf_event
[    0.147311] Initializing cgroup subsys net_prio
[    0.148274] Initializing cgroup subsys hugetlb
[    0.149012] Initializing cgroup subsys pids
[    0.154279] mce: CPU supports 0 MCE banks
[    0.154958] Last level iTLB entries: 4KB 0, 2MB 0, 4MB 0
[    0.155861] Last level dTLB entries: 4KB 0, 2MB 0, 4MB 0, 1GB 0
[    0.156752] Spectre V1 : Mitigation: usercopy/swapgs barriers and __user pointer sanitization
[    0.158087] Spectre V2 : Mitigation: Full generic retpoline
[    0.158921] Spectre V2 : Spectre v2 / SpectreRSB mitigation: Filling RSB on context switch
[    0.160417] Speculative Store Bypass: Vulnerable
[    0.163347] Freeing SMP alternatives memory: 36K
[    0.169458] ftrace: allocating 32380 entries in 127 pages
[    0.226839] smpboot: APIC(0) Converting physical 0 to logical package 0
[    0.228459] smpboot: Max logical packages: 1
[    0.229467] x2apic enabled
[    0.230304] Switched APIC routing to physical x2apic.
[    0.232064] ..TIMER: vector=0x30 apic1=0 pin1=2 apic2=-1 pin2=-1
[    0.341139] smpboot: CPU0: 11th Gen Intel(R) Core(TM) i5-1135G7 @ 2.40GHz (family: 0x6, model: 0x8c, stepping: 0x1)
[    0.344794] Performance Events: unsupported p6 CPU model 140 no PMU driver, software events only.
[    0.356341] KVM setup paravirtual spinlock
[    0.357961] x86: Booting SMP configuration:
[    0.358844] .... node  #0, CPUs:      #1
[    0.360161] kvm-clock: cpu 1, msr 0:3ffe3041, secondary cpu clock
[    0.366102] mce: CPU supports 0 MCE banks
[    0.370216] x86: Booted up 1 node, 2 CPUs
[    0.372465] smpboot: Total of 2 processors activated (9676.80 BogoMIPS)
[    0.375726] devtmpfs: initialized
[    0.379399] evm: security.selinux
[    0.380996] evm: security.SMACK64
[    0.382446] evm: security.SMACK64EXEC
[    0.384077] evm: security.SMACK64TRANSMUTE
[    0.385857] evm: security.SMACK64MMAP
[    0.387380] evm: security.ima
[    0.388777] evm: security.capability
[    0.390536] clocksource: jiffies: mask: 0xffffffff max_cycles: 0xffffffff, max_idle_ns: 7645041785100000 ns
[    0.394171] futex hash table entries: 512 (order: 3, 32768 bytes)
[    0.396608] pinctrl core: initialized pinctrl subsystem
[    0.398711] RTC time: 10:57:43, date: 05/20/24
[    0.407324] NET: Registered protocol family 16
[    0.422144] cpuidle: using governor ladder
[    0.434172] cpuidle: using governor menu
[    0.435899] PCCT header not found.
[    0.437598] ACPI: bus type PCI registered
[    0.438722] acpiphp: ACPI Hot Plug PCI Controller Driver version: 0.5
[    0.439913] PCI: Using configuration type 1 for base access
[    0.454510] ACPI: Added _OSI(Module Device)
[    0.456516] ACPI: Added _OSI(Processor Device)
[    0.458000] ACPI: Added _OSI(3.0 _SCP Extensions)
[    0.459582] ACPI: Added _OSI(Processor Aggregator Device)
[    0.462677] ACPI: Executed 1 blocks of module-level executable AML code
[    0.468939] ACPI: Interpreter enabled
[    0.470483] ACPI: (supports S0 S5)
[    0.471774] ACPI: Using IOAPIC for interrupt routing
[    0.473756] PCI: Using host bridge windows from ACPI; if necessary, use "pci=nocrs" and report a bug
[    0.483456] ACPI: PCI Root Bridge [PCI0] (domain 0000 [bus 00-ff])
[    0.484986] acpi PNP0A03:00: _OSC: OS supports [ASPM ClockPM Segments MSI]
[    0.487569] acpi PNP0A03:00: _OSC: not requesting OS control; OS requires [ExtendedConfig ASPM ClockPM MSI]
[    0.490499] acpi PNP0A03:00: fail to add MMCONFIG information, can't access extended PCI configuration space under this bridge.
[    0.494502] PCI host bridge to bus 0000:00
[    0.495801] pci_bus 0000:00: root bus resource [io  0x0000-0x0cf7 window]
[    0.497763] pci_bus 0000:00: root bus resource [io  0x0d00-0xffff window]
[    0.499687] pci_bus 0000:00: root bus resource [mem 0x000a0000-0x000bffff window]
[    0.502091] pci_bus 0000:00: root bus resource [mem 0x40000000-0xfdffffff window]
[    0.505175] pci_bus 0000:00: root bus resource [bus 00-ff]
[    0.509689] pci 0000:00:01.1: legacy IDE quirk: reg 0x10: [io  0x01f0-0x01f7]
[    0.511266] pci 0000:00:01.1: legacy IDE quirk: reg 0x14: [io  0x03f6]
[    0.512214] pci 0000:00:01.1: legacy IDE quirk: reg 0x18: [io  0x0170-0x0177]
[    0.513709] pci 0000:00:01.1: legacy IDE quirk: reg 0x1c: [io  0x0376]
[    0.525982] pci 0000:00:07.0: quirk: [io  0x4000-0x403f] claimed by PIIX4 ACPI
[    0.538994] pci 0000:00:07.0: quirk: [io  0x4100-0x410f] claimed by PIIX4 SMB
[    0.543965] ACPI: PCI Interrupt Link [LNKA] (IRQs 5 9 10 *11)
[    0.545352] ACPI: PCI Interrupt Link [LNKB] (IRQs 5 9 *10 11)
[    0.546577] ACPI: PCI Interrupt Link [LNKC] (IRQs 5 *9 10 11)
[    0.547769] ACPI: PCI Interrupt Link [LNKD] (IRQs 5 9 10 *11)
[    0.549034] ACPI: Enabled 2 GPEs in block 00 to 07
[    0.550216] vgaarb: setting as boot device: PCI:0000:00:02.0
[    0.551080] vgaarb: device added: PCI:0000:00:02.0,decodes=io+mem,owns=io+mem,locks=none
[    0.552306] vgaarb: loaded
[    0.552844] vgaarb: bridge control possible 0000:00:02.0
[    0.553877] SCSI subsystem initialized
[    0.554810] ACPI: bus type USB registered
[    0.555395] usbcore: registered new interface driver usbfs
[    0.556166] usbcore: registered new interface driver hub
[    0.556911] usbcore: registered new device driver usb
[    0.558101] PCI: Using ACPI for IRQ routing
[    0.558963] NetLabel: Initializing
[    0.559502] NetLabel:  domain hash size = 128
[    0.560219] NetLabel:  protocols = UNLABELED CIPSOv4
[    0.561020] NetLabel:  unlabeled traffic allowed by default
[    0.562072] amd_nb: Cannot enumerate AMD northbridges
[    0.563432] clocksource: Switched to clocksource kvm-clock
[    0.585504] AppArmor: AppArmor Filesystem Enabled
[    0.587618] pnp: PnP ACPI init
[    0.590296] pnp: PnP ACPI: found 3 devices
[    0.603537] clocksource: acpi_pm: mask: 0xffffff max_cycles: 0xffffff, max_idle_ns: 2085701024 ns
[    0.606483] NET: Registered protocol family 2
[    0.608012] TCP established hash table entries: 8192 (order: 4, 65536 bytes)
[    0.609479] TCP bind hash table entries: 8192 (order: 5, 131072 bytes)
[    0.610755] TCP: Hash tables configured (established 8192 bind 8192)
[    0.612047] UDP hash table entries: 512 (order: 2, 16384 bytes)
[    0.613771] UDP-Lite hash table entries: 512 (order: 2, 16384 bytes)
[    0.615293] NET: Registered protocol family 1
[    0.616049] pci 0000:00:00.0: Limiting direct PCI/PCI transfers
[    0.617001] pci 0000:00:01.0: Activating ISA DMA hang workarounds
[    0.621166] Unpacking initramfs...
[    0.926489] Freeing initrd memory: 14888K
[    0.927401] clocksource: tsc: mask: 0xffffffffffffffff max_cycles: 0x22df1149949, max_idle_ns: 440795312789 ns
[    0.929283] platform rtc_cmos: registered platform RTC device (no PNP device found)
[    0.930673] Scanning for low memory corruption every 60 seconds
[    0.932071] audit: initializing netlink subsys (disabled)
[    0.933002] audit: type=2000 audit(1716202668.182:1): initialized
[    0.934344] Initialise system trusted keyring
[    0.935491] HugeTLB registered 2 MB page size, pre-allocated 0 pages
[    0.937329] zbud: loaded
[    0.938379] VFS: Disk quotas dquot_6.6.0
[    0.939027] VFS: Dquot-cache hash table entries: 512 (order 0, 4096 bytes)
[    0.940253] squashfs: version 4.0 (2009/01/31) Phillip Lougher
[    0.941482] fuse init (API version 7.23)
[    0.942158] Key type big_key registered
[    0.942888] Allocating IMA MOK and blacklist keyrings.
[    0.949261] Key type asymmetric registered
[    0.950415] Asymmetric key parser 'x509' registered
[    0.952025] Block layer SCSI generic (bsg) driver version 0.4 loaded (major 249)
[    0.954365] io scheduler noop registered
[    0.955014] io scheduler deadline registered (default)
[    0.955833] io scheduler cfq registered
[    0.957212] pci_hotplug: PCI Hot Plug PCI Core version: 0.5
[    0.958830] pciehp: PCI Express Hot Plug Controller Driver version: 0.4
[    0.961040] ACPI: AC Adapter [AC] (on-line)
[    0.962468] input: Power Button as /devices/LNXSYSTM:00/LNXPWRBN:00/input/input0
[    0.964904] ACPI: Power Button [PWRF]
[    0.966215] input: Sleep Button as /devices/LNXSYSTM:00/LNXSLPBN:00/input/input1
[    0.968629] ACPI: Sleep Button [SLPF]
[    0.970092] GHES: HEST is not enabled!
[    0.972356] Serial: 8250/16550 driver, 32 ports, IRQ sharing enabled
[    0.995585] 00:02: ttyS0 at I/O 0x3f8 (irq = 4, base_baud = 115200) is a 16550A
[    0.995606] ACPI: Battery Slot [BAT0] (battery present)
[    1.001696] Linux agpgart interface v0.103
[    1.005831] loop: module loaded
[    1.007010] scsi host0: ata_piix
[    1.007830] scsi host1: ata_piix
[    1.008314] ata1: PATA max UDMA/33 cmd 0x1f0 ctl 0x3f6 bmdma 0xd000 irq 14
[    1.009174] ata2: PATA max UDMA/33 cmd 0x170 ctl 0x376 bmdma 0xd008 irq 15
[    1.010325] libphy: Fixed MDIO Bus: probed
[    1.011025] tun: Universal TUN/TAP device driver, 1.6
[    1.011877] tun: (C) 1999-2004 Max Krasnyansky <maxk@qualcomm.com>
[    1.013107] PPP generic driver version 2.4.2
[    1.014091] ehci_hcd: USB 2.0 'Enhanced' Host Controller (EHCI) Driver
[    1.015065] ehci-pci: EHCI PCI platform driver
[    1.015948] ehci-platform: EHCI generic platform driver
[    1.017040] ohci_hcd: USB 1.1 'Open' Host Controller (OHCI) Driver
[    1.017948] ohci-pci: OHCI PCI platform driver
[    1.018700] ohci-platform: OHCI generic platform driver
[    1.019435] uhci_hcd: USB Universal Host Controller Interface driver
[    1.020463] i8042: PNP: PS/2 Controller [PNP0303:PS2K,PNP0f03:PS2M] at 0x60,0x64 irq 1,12
[    1.022130] serio: i8042 KBD port at 0x60,0x64 irq 1
[    1.022909] serio: i8042 AUX port at 0x60,0x64 irq 12
[    1.023907] mousedev: PS/2 mouse device common for all mice
[    1.025270] rtc_cmos rtc_cmos: rtc core: registered rtc_cmos as rtc0
[    1.026445] input: AT Translated Set 2 keyboard as /devices/platform/i8042/serio0/input/input2
[    1.027830] rtc_cmos rtc_cmos: alarms up to one day, 114 bytes nvram
[    1.028838] i2c /dev entries driver
[    1.029613] device-mapper: uevent: version 1.0.3
[    1.030542] device-mapper: ioctl: 4.34.0-ioctl (2015-10-28) initialised: dm-devel@redhat.com
[    1.031952] ledtrig-cpu: registered to indicate activity on CPUs
[    1.033222] NET: Registered protocol family 10
[    1.034120] NET: Registered protocol family 17
[    1.034848] Key type dns_resolver registered
[    1.035914] registered taskstats version 1
[    1.036623] Loading compiled-in X.509 certificates
[    1.037947] Loaded X.509 cert 'Build time autogenerated kernel key: cf00e047681d67edb2720680708b7d9498083038'
[    1.039508] zswap: loaded using pool lzo/zbud
[    1.041705] Key type trusted registered
[    1.044472] Key type encrypted registered
[    1.045178] AppArmor: AppArmor sha1 policy hashing enabled
[    1.046034] ima: No TPM chip found, activating TPM-bypass!
[    1.046885] ima: Allocated hash algorithm: sha1
[    1.047635] evm: HMAC attrs: 0x1
[    1.048462]   Magic number: 8:0:983
[    1.049178] rtc_cmos rtc_cmos: setting system clock to 2024-05-20 10:57:44 UTC (1716202664)
[    1.050583] BIOS EDD facility v0.16 2004-Jun-25, 0 devices found
[    1.051512] EDD information not available.
[    1.841109] Freeing unused kernel memory: 1492K
[    1.843536] Write protecting the kernel read-only data: 14336k
[    1.847296] Freeing unused kernel memory: 1584K
[    1.850012] Freeing unused kernel memory: 52K
Loading, please wait...
starting version 229
[    1.872073] random: systemd-udevd: uninitialized urandom read (16 bytes read, 3 bits of entropy available)
[    1.872924] random: udevadm: uninitialized urandom read (16 bytes read, 3 bits of entropy available)
[    1.872952] random: udevadm: uninitialized urandom read (16 bytes read, 3 bits of entropy available)
[    1.880006] random: systemd-udevd: uninitialized urandom read (16 bytes read, 3 bits of entropy available)
[    1.882023] random: systemd-udevd: uninitialized urandom read (16 bytes read, 3 bits of entropy available)
[    1.882564] random: udevadm: uninitialized urandom read (16 bytes read, 3 bits of entropy available)
[    1.882613] random: udevadm: uninitialized urandom read (16 bytes read, 3 bits of entropy available)
[    1.882749] random: udevadm: uninitialized urandom read (16 bytes read, 3 bits of entropy available)
[    1.882803] random: udevadm: uninitialized urandom read (16 bytes read, 3 bits of entropy available)
[    1.882853] random: udevadm: uninitialized urandom read (16 bytes read, 3 bits of entropy available)
[    1.920188] Fusion MPT base driver 3.04.20
[    1.921284] Copyright (c) 1999-2008 LSI Corporation
[    1.922545] e1000: Intel(R) PRO/1000 Network Driver - version 7.3.21-k8-NAPI
[    1.924208] e1000: Copyright (c) 1999-2006 Intel Corporation.
[    1.934870] Fusion MPT SPI Host driver 3.04.20
[    1.955064] AVX2 version of gcm_enc/dec engaged.
[    1.956463] AES CTR mode by8 optimization enabled
[    2.156774] input: ImExPS/2 Generic Explorer Mouse as /devices/platform/i8042/serio1/input/input4
[    2.787125] e1000 0000:00:03.0 eth0: (PCI:33MHz:32-bit) 02:be:82:6b:cc:1d
[    2.790648] e1000 0000:00:03.0 eth0: Intel(R) PRO/1000 Network Connection
[    2.795241] mptbase: ioc0: Initiating bringup
[    2.796456] e1000 0000:00:03.0 enp0s3: renamed from eth0
[    3.648441] ioc0: LSI53C1030 A0: Capabilities={Initiator}
[    6.440524] scsi host2: ioc0: LSI53C1030 A0, FwRev=00000000h, Ports=1, MaxQ=256, IRQ=20
[    8.585622] scsi 2:0:0:0: Direct-Access     VBOX     HARDDISK         1.0  PQ: 0 ANSI: 5
[    8.590116] scsi target2:0:0: Beginning Domain Validation
[    8.595148] scsi target2:0:0: Domain Validation skipping write tests
[    8.597599] scsi target2:0:0: Ending Domain Validation
[    8.599850] scsi target2:0:0: asynchronous
[    8.602762] scsi 2:0:1:0: Direct-Access     VBOX     HARDDISK         1.0  PQ: 0 ANSI: 5
[    8.606127] scsi target2:0:1: Beginning Domain Validation
[    8.610443] scsi target2:0:1: Domain Validation skipping write tests
[    8.612733] scsi target2:0:1: Ending Domain Validation
[    8.614674] scsi target2:0:1: asynchronous
[    8.631572] sd 2:0:0:0: Attached scsi generic sg0 type 0
[    8.646268] sd 2:0:0:0: [sda] 83886080 512-byte logical blocks: (42.9 GB/40.0 GiB)
[    8.648522] sd 2:0:1:0: Attached scsi generic sg1 type 0
[    8.649691] sd 2:0:0:0: [sda] Write Protect is off
[    8.650567] sd 2:0:1:0: [sdb] 20480 512-byte logical blocks: (10.5 MB/10.0 MiB)
[    8.650783] sd 2:0:0:0: [sda] Incomplete mode parameter data
[    8.650785] sd 2:0:0:0: [sda] Assuming drive cache: write through
[    8.652077]  sda: sda1
[    8.652917] sd 2:0:0:0: [sda] Attached SCSI disk
[    8.656118] sd 2:0:1:0: [sdb] Write Protect is off
[    8.657224] sd 2:0:1:0: [sdb] Incomplete mode parameter data
[    8.658171] sd 2:0:1:0: [sdb] Assuming drive cache: write through
[    8.663512] sd 2:0:1:0: [sdb] Attached SCSI disk
Begin: Loading essential drivers ... [    9.994207] md: linear personality registered for level -1
[    9.997377] md: multipath personality registered for level -4
[   10.000214] md: raid0 personality registered for level 0
[   10.004422] md: raid1 personality registered for level 1
[   10.075483] raid6: sse2x1   gen()  5886 MB/s
[   10.143444] raid6: sse2x1   xor()  8476 MB/s
[   10.211489] raid6: sse2x2   gen() 11822 MB/s
[   10.279499] raid6: sse2x2   xor() 12425 MB/s
[   10.347468] raid6: sse2x4   gen() 10720 MB/s
[   10.415579] raid6: sse2x4   xor() 11187 MB/s
[   10.483652] raid6: avx2x1   gen() 20939 MB/s
[   10.551588] raid6: avx2x2   gen() 22125 MB/s
[   10.619535] raid6: avx2x4   gen() 18216 MB/s
[   10.620618] raid6: using algorithm avx2x2 gen() 22125 MB/s
[   10.621389] raid6: using avx2x2 recovery algorithm
[   10.623009] xor: automatically using best checksumming function:
[   10.664029]    avx       : 25474.000 MB/sec
[   10.665911] async_tx: api initialized (async)
[   10.675578] md: raid6 personality registered for level 6
[   10.677046] md: raid5 personality registered for level 5
[   10.678505] md: raid4 personality registered for level 4
[   10.686683] md: raid10 personality registered for level 10
done.
Begin: Running /scripts/init-premount ... done.
Begin: Mounting root file system ... Begin: Running /scripts/local-top ... done.
Begin: Running /scripts/local-premount ... [   10.725201] Btrfs loaded
Scanning for Btrfs filesystems
done.
Warning: fsck not present, so skipping root file system
[   10.753956] EXT4-fs (sda1): mounted filesystem with ordered data mode. Opts: (null)
done.
Begin: Running /scripts/local-bottom ... done.
Begin: Running /scripts/init-bottom ... done.
[   10.815661] systemd[1]: systemd 229 running in system mode. (+PAM +AUDIT +SELINUX +IMA +APPARMOR +SMACK +SYSVINIT +UTMP +LIBCRYPTSETUP +GCRYPT +GNUTLS +ACL +XZ -LZ4 +SECCOMP +BLKID +ELFUTILS +KMOD -IDN)
[   10.818374] systemd[1]: Detected virtualization oracle.
[   10.819107] systemd[1]: Detected architecture x86-64.

Welcome to [1mUbuntu 16.04.7 LTS[0m!

[   10.821578] systemd[1]: Set hostname to <ubuntu>.
[   10.823249] systemd[1]: Initializing machine ID from random generator.
[   10.824150] systemd[1]: Installed transient /etc/machine-id file.
[   10.906377] systemd[1]: Listening on Journal Socket (/dev/log).
[[0;32m  OK  [0m] Listening on Journal Socket (/dev/log).
[   10.907933] systemd[1]: Listening on Journal Socket.
[[0;32m  OK  [0m] Listening on Journal Socket.
[   10.909115] systemd[1]: Listening on Device-mapper event daemon FIFOs.
[[0;32m  OK  [0m] Listening on Device-mapper event daemon FIFOs.
[   10.910553] systemd[1]: Reached target Encrypted Volumes.
[[0;32m  OK  [0m] Reached target Encrypted Volumes.
[   10.911804] systemd[1]: Listening on LVM2 poll daemon socket.
[[0;32m  OK  [0m] Listening on LVM2 poll daemon socket.
[   10.920380] systemd[1]: Listening on Syslog Socket.
[[0;32m  OK  [0m] Listening on Syslog Socket.
[   10.921788] systemd[1]: Listening on udev Control Socket.
[[0;32m  OK  [0m] Listening on udev Control Socket.
[   10.923939] systemd[1]: Listening on /dev/initctl Compatibility Named Pipe.
[[0;32m  OK  [0m] Listening on /dev/initctl Compatibility Named Pipe.
[   10.926163] systemd[1]: Reached target User and Group Name Lookups.
[[0;32m  OK  [0m] Reached target User and Group Name Lookups.
[   10.927746] systemd[1]: Listening on fsck to fsckd communication Socket.
[[0;32m  OK  [0m] Listening on fsck to fsckd communication Socket.
[   10.929423] systemd[1]: Reached target System Time Synchronized.
[[0;32m  OK  [0m] Reached target System Time Synchronized.
[   10.930890] systemd[1]: Listening on udev Kernel Socket.
[[0;32m  OK  [0m] Listening on udev Kernel Socket.
[   10.932423] systemd[1]: Started Forward Password Requests to Wall Directory Watch.
[[0;32m  OK  [0m] Started Forward Password Requests to Wall Directory Watch.
[   10.935033] systemd[1]: Created slice User and Session Slice.
[[0;32m  OK  [0m] Created slice User and Session Slice.
[   10.936614] systemd[1]: Started Trigger resolvconf update for networkd DNS.
[[0;32m  OK  [0m] Started Trigger resolvconf update for networkd DNS.
[   10.938235] systemd[1]: Reached target Swap.
[[0;32m  OK  [0m] Reached target Swap.
[   10.939451] systemd[1]: Listening on LVM2 metadata daemon socket.
[[0;32m  OK  [0m] Listening on LVM2 metadata daemon socket.
[   10.941167] systemd[1]: Created slice System Slice.
[[0;32m  OK  [0m] Created slice System Slice.
[   10.960199] systemd[1]: Starting Set console keymap...
         Starting Set console keymap...
[   10.962086] systemd[1]: Created slice system-serial\x2dgetty.slice.
[[0;32m  OK  [0m] Created slice system-serial\x2dgetty.slice.
[   10.963863] systemd[1]: Reached target Slices.
[[0;32m  OK  [0m] Reached target Slices.
[   10.967940] systemd[1]: Starting Create list of required static device nodes for the current kernel...
         Starting Create list of required st... nodes for the current kernel...
[   10.978442] systemd[1]: Starting Load Kernel Modules...
         Starting Load Kernel Modules...
[   10.983917] systemd[1]: Mounting POSIX Message Queue File System...
         Mounting POSIX Message Queue File System...
[   10.989971] systemd[1]: Starting File System Check on Root Device...
         Starting File System Check on Root Device...
[   10.994968] systemd[1]: Mounting Debug File System...
[   10.996796] Loading iSCSI transport class v2.0-870.
         Mounting Debug File System...
[   10.999906] systemd[1]: Starting Uncomplicated firewall...
         Starting Uncomplicated firewall...
[   11.002692] systemd[1]: Mounting Huge Pages File System...
         Mounting Huge Pages File System...
[   11.006473] systemd[1]: Starting Monitoring of LVM2 mirrors, snapshots etc. using dmeventd or progress polling...
         Starting Monitoring of LVM2 mirrors... dmeventd or progress polling...
[   11.010899] systemd[1]: Starting Nameserver information manager...
         Starting Nameserver information manager...
[   11.013328] systemd[1]: Set up automount Arbitrary Executable File Formats File System Automount Point.
[[0;32m  OK  [0m] Set up automount Arbitrary Executab...ats File System Automount Point.
[   11.016720] systemd[1]: Listening on Journal Audit Socket.
[[0;32m  OK  [0m] Listening on Journal Audit Socket.
[   11.019185] systemd[1]: Starting Journal Service...
         Starting Journal Service...
[   11.024111] systemd[1]: Mounted Huge Pages File System.
[[0;32m  OK  [0m] Mounted Huge Pages File System.
[   11.025986] systemd[1]: Mounted POSIX Message Queue File System.
[[0;32m  OK  [0m] Mounted POSIX Message Queue File System.
[   11.028056] systemd[1]: Mounted Debug File System.
[[0;32m  OK  [0m] Mounted Debug File System.
[   11.033046] systemd[1]: Started Create list of required static device nodes for the current kernel.
[[0;32m  OK  [0m] Started Create list of required sta...ce nodes for the current kernel.
[   11.036600] iscsi: registered transport (tcp)
[   11.038349] systemd[1]: Started Uncomplicated firewall.
[[0;32m  OK  [0m] Started Uncomplicated firewall.
[   11.042177] systemd[1]: Started Nameserver information manager.
[[0;32m  OK  [0m] Started Nameserver information manager.
[   11.045542] systemd[1]: Started File System Check Daemon to report status.
[[0;32m  OK  [0m] Started File System Check Daemon to report status.
[   11.050810] systemd[1]: Started LVM2 metadata daemon.
[[0;32m  OK  [0m] Started LVM2 metadata daemon.
[   11.053980] systemd[1]: Starting Create Static Device Nodes in /dev...
         Starting Create Static Device Nodes in /dev...
[   11.057824] systemd[1]: Started File System Check on Root Device.
[[0;32m  OK  [0m] Started File System Check on Root Device.
[   11.062162] systemd[1]: Started Journal Service.
[[0;32m  OK  [0m] Started Journal Service.
         Starting Remount Root and Kernel File Systems...
[[0;32m  OK  [0m] Started Set console keymap.
[   11.070711] EXT4-fs (sda1): re-mounted. Opts: (null)
[[0;32m  OK  [0m] Started Remount Root and Kernel File Systems.
         Starting Load/Save Random Seed...
         Starting udev Coldplug all Devices...
         Starting Flush Journal to Persistent Storage...
[[0;32m  OK  [0m] Started Load/Save Random Seed.
[   11.089663] systemd-journald[407]: Received request to flush runtime journal from PID 1
[[0;32m  OK  [0m] Started Create Static Device Nodes in /dev.
[[0;32m  OK  [0m] Started Flush Journal to Persistent Storage.
         Starting udev Kernel Device Manager...
[   11.119841] iscsi: registered transport (iser)
[[0;32m  OK  [0m] Started Load Kernel Modules.
         Starting Apply Kernel Variables...
         Mounting FUSE Control File System...
[[0;32m  OK  [0m] Mounted FUSE Control File System.
[[0;32m  OK  [0m] Started Apply Kernel Variables.
[[0;32m  OK  [0m] Started udev Kernel Device Manager.
[[0;32m  OK  [0m] Started udev Coldplug all Devices.
[[0;32m  OK  [0m] Started Dispatch Password Requests to Console Directory Watch.
[[0;32m  OK  [0m] Found device /dev/ttyS0.
[[0;32m  OK  [0m] Listening on Load/Save RF Kill Switch Status /dev/rfkill Watch.
[[0;32m  OK  [0m] Started Monitoring of LVM2 mirrors,...ng dmeventd or progress polling.
[[0;32m  OK  [0m] Reached target Local File Systems (Pre).
[[0;32m  OK  [0m] Reached target Local File Systems.
         Starting Set console font and keymap...
         Starting Create Volatile Files and Directories...
         Starting Tell Plymouth To Write Out Runtime Data...
         Starting Initial cloud-init job (pre-networking)...
         Starting LSB: AppArmor initialization...
         Starting Commit a transient machine-id on disk...
[[0;32m  OK  [0m] Started Create Volatile Files and Directories.
[[0;32m  OK  [0m] Started Tell Plymouth To Write Out Runtime Data.
         Starting Update UTMP about System Boot/Shutdown...
[[0;32m  OK  [0m] Started Commit a transient machine-id on disk.
[[0;32m  OK  [0m] Started Update UTMP about System Boot/Shutdown.
[[0;32m  OK  [0m] Started LSB: AppArmor initialization.
         Starting Load AppArmor profiles managed internally by snapd...
[[0;32m  OK  [0m] Started Load AppArmor profiles managed internally by snapd.
[   12.405999] cloud-init[567]: Cloud-init v. 21.1-19-gbad84ad4-0ubuntu1~16.04.2 running 'init-local' at Mon, 20 May 2024 10:57:55 +0000. Up 11.95 seconds.
[[0;32m  OK  [0m] Started Initial cloud-init job (pre-networking).
[[0;32m  OK  [0m] Reached target Network (Pre).
         Starting Raise network interfaces...
[[0;32m  OK  [0m] Started Set console font and keymap.
[[0;32m  OK  [0m] Created slice system-getty.slice.
[[0;32m  OK  [0m] Started Raise network interfaces.
[[0;32m  OK  [0m] Reached target Network.
         Starting Initial cloud-init job (metadata service crawler)...
[   13.494504] cloud-init[958]: Cloud-init v. 21.1-19-gbad84ad4-0ubuntu1~16.04.2 running 'init' at Mon, 20 May 2024 10:57:56 +0000. Up 13.05 seconds.
[   13.495848] cloud-init[958]: ci-info: ++++++++++++++++++++++++++++++++++++++Net device info++++++++++++++++++++++++++++++++++++++
[   13.496923] cloud-init[958]: ci-info: +--------+------+----------------------------+---------------+--------+-------------------+
[   13.497909] cloud-init[958]: ci-info: | Device |  Up  |          Address           |      Mask     | Scope  |     Hw-Address    |
[   13.498883] cloud-init[958]: ci-info: +--------+------+----------------------------+---------------+--------+-------------------+
[   13.499897] cloud-init[958]: ci-info: | enp0s3 | True |         10.0.2.15          | 255.255.255.0 | global | 02:be:82:6b:cc:1d |
[   13.501034] cloud-init[958]: ci-info: | enp0s3 | True | fe80::be:82ff:fe6b:cc1d/64 |       .       |  link  | 02:be:82:6b:cc:1d |
[   13.504807] cloud-init[958]: ci-info: |   lo   | True |         127.0.0.1          |   255.0.0.0   |  host  |         .         |
[   13.506109] cloud-init[958]: ci-info: |   lo   | True |          ::1/128           |       .       |  host  |         .         |
[   13.507229] cloud-init[958]: ci-info: +--------+------+----------------------------+---------------+--------+-------------------+
[   13.508381] cloud-init[958]: ci-info: +++++++++++++++++++++++++++Route IPv4 info++++++++++++++++++++++++++++
[   13.512506] cloud-init[958]: ci-info: +-------+-------------+----------+---------------+-----------+-------+
[   13.513478] cloud-init[958]: ci-info: | Route | Destination | Gateway  |    Genmask    | Interface | Flags |
[   13.514331] cloud-init[958]: ci-info: +-------+-------------+----------+---------------+-----------+-------+
[   13.515437] cloud-init[958]: ci-info: |   0   |   0.0.0.0   | 10.0.2.2 |    0.0.0.0    |   enp0s3  |   UG  |
[   13.516595] cloud-init[958]: ci-info: |   1   |   10.0.2.0  | 0.0.0.0  | 255.255.255.0 |   enp0s3  |   U   |
[   13.520423] cloud-init[958]: ci-info: +-------+-------------+----------+---------------+-----------+-------+
[   13.521611] cloud-init[958]: ci-info: +++++++++++++++++++Route IPv6 info+++++++++++++++++++
[   13.524329] cloud-init[958]: ci-info: +-------+-------------+---------+-----------+-------+
[   13.528294] cloud-init[958]: ci-info: | Route | Destination | Gateway | Interface | Flags |
[   13.529500] cloud-init[958]: ci-info: +-------+-------------+---------+-----------+-------+
[   13.533158] cloud-init[958]: ci-info: |   0   |  fe80::/64  |    ::   |   enp0s3  |   U   |
[   13.534313] cloud-init[958]: ci-info: |   3   |   ff00::/8  |    ::   |   enp0s3  |   U   |
[   13.535312] cloud-init[958]: ci-info: +-------+-------------+---------+-----------+-------+
[   13.536370] cloud-init[958]: Generating public/private rsa key pair.
[   13.540850] cloud-init[958]: Your identification has been saved in /etc/ssh/ssh_host_rsa_key.
[   13.541934] cloud-init[958]: Your public key has been saved in /etc/ssh/ssh_host_rsa_key.pub.
[   13.542820] cloud-init[958]: The key fingerprint is:
[   13.543548] cloud-init[958]: SHA256:sHXhDeH0S+n7c6KmjFI58WIpvMaLyc93DllqlVmC1nE root@ubuntu-xenial
[   13.548843] cloud-init[958]: The key's randomart image is:
[   13.549773] cloud-init[958]: +---[RSA 2048]----+
[   13.550526] cloud-init[958]: |          *.E    |
[   13.551293] cloud-init[958]: |         * B .   |
[   13.552470] cloud-init[958]: |      . + * *    |
[   13.556484] cloud-init[958]: |       =.. B .   |
[   13.557282] cloud-init[958]: |     .. S== o    |
[   13.558050] cloud-init[958]: |      o B=.  .   |
[   13.558748] cloud-init[958]: |     . ==o  .    |
[   13.559453] cloud-init[958]: |   . +=..+. ..o .|
[   13.560190] cloud-init[958]: |    +o++.o+o...+ |
[   13.560879] cloud-init[958]: +----[SHA256]-----+
[   13.561573] cloud-init[958]: Generating public/private dsa key pair.
[   13.562373] cloud-init[958]: Your identification has been saved in /etc/ssh/ssh_host_dsa_key.
[   13.568657] [cloud-init[0;32m  OK  [0m[958]: ] Your public key has been saved in /etc/ssh/ssh_host_dsa_key.pub.Started Initial cloud-init job (metadata service crawler).

[   13.568927] cloud-init[958]: The key fingerprint is:[[0;32m  OK  [0m] Reached target Cloud-config availability.
[[0;32m  OK  [0m] Reached target System Initialization.
[[0;32m  OK  [0m] Listening on UUID daemon activation socket.
[[0;32m  OK  [0m] Started Daily apt download activities.
[[0;32m  OK  [0m] Listening on ACPID Listen Socket.
[[0;32m  OK  [0m] Started Message of the Day.

[   13.572559] cloud-init[958]: SHA256:5Q8FyXjDgnh9eIy3pjWMpjev9c14ka0D3RpI9vvImlk root@ubuntu-xenial
[   13.573540] cloud-init[958]: The key's randomart image is:[[0;32m  OK  [0m] Started ACPI Events Check.
[[0;32m  OK  [0m] Reached target Paths.
[[0;32m  OK  [0m] Started Daily Cleanup of Temporary Directories.
         Starting Socket activation for snappy daemon.

[   13.575807] cloud-init[958]: +---[DSA 1024]----+
         Starting LXD - unix socket.
[[0;32m  OK  [0m] Listening on D-Bus System Message Bus Socket.
[[0;32m  OK  [0m] Started Ubuntu Advantage update messaging.
[[0;32m  OK  [0m] Started Daily apt upgrade and clean activities.
[[0;32m  OK  [0m] Reached target Timers.
[[0;32m  OK  [0m] Reached target Network is Online.
[   13.576726] cloud-init[958]: |     . o B..     |
[   13.579543] cloud-init[958]: |    . o * @.     |
[   13.580856] cloud-init[958]: |     .   O.o.    |
[   13.582778] cloud-init[958]: |        oo*.o    |
[   13.583649] cloud-init[958]: |       oS+o+ + + |
[   13.584270] cloud-init[958]: |      . +  oo * o|
[   13.585007] cloud-init[958]: |       . o. ..E* |
[   13.585601] cloud-init[958]: |         ... O*. |
[   13.586234] cloud-init[958]: |        ..  *o=o.|
[   13.586885] cloud-init[958]: +----[SHA256]-----+
[   13.587529] cloud-init[958]: Generating public/private ecdsa key pair.
[   13.588506] cloud-init[958]: Your identification has been saved in /etc/ssh/ssh_host_ecdsa_key.
[   13.589552] cloud-init[958]: Your public key has been saved in /etc/ssh/ssh_host_ecdsa_key.pub.
[   13.590858] cloud-init[958]: The key fingerprint is:
[   13.591734] cloud-init         Starting iSCSI initiator daemon (iscsid)...
[958]: SHA256:gm+3j+47rcRoqdE1bMtHlFyn9TtIxq3ZV9jV1X8nza8 root@ubuntu-xenial[[0;32m  OK  [0m] Listening on Socket activation for snappy daemon.
[[0;32m  OK  [0m] Listening on LXD - unix socket.

[   13.594547] [cloud-init[0;32m  OK  [0m[958]: ] The key's randomart image is:Reached target Sockets.

[   13.595774] cloud-init[958]: +---[ECDSA 256]---+[
[0;32m  OK  [0m] Reached target Basic System.
[   13.596516] cloud-init[958]: |            . o *|         Starting /etc/rc.local Compatibility...

[   13.598598] [[0;32m  OK  [0m] Started ACPI event daemon.
cloud-init         Starting Pollinate to seed the pseudo random number generator...
         Starting Virtualbox guest utils...
[958]: |         . o.+.++|[[0;32m  OK  [0m] Started D-Bus System Message Bus.

[   13.604349] cloud-init[958]: |          + .+.+=|
[   13.606020] cloud-init[958]: |     . . .  o * O|
[   13.613071] cloud-init[958]: |    . . S .  + ==|
[   13.613959] cloud-init[958]: |     o O +      +|
[   13.614841] cloud-init[958]: |    . B *..    . |
[   13.616121] cloud-init[958]: |     = o.+.   E  |
[   13.617334] cloud-init[958]: |    .  oB=.      |
[   13.624542] cloud-init[958]: +----[SHA256]-----+
[   13.625109] cloud-init[958]: Generating public/private ed25519 key pair.
[   13.625988] cloud-init[958]: Your identification has been saved in /etc/ssh/ssh_host_ed25519_key.
[   13.626923] cloud-init[958]: Your public key has been saved in /etc/ssh/ssh_host_ed25519_key.pub.
[   13.627879] cloud-init[958]: The key fingerprint is:
[   13.628509] cloud-init[958]: SHA256:DQpo7oia92xZNv6BsiEqkl9imnHrRbPfxL7nKys4GY4 root@ubuntu-xenial
[   13.629384] cloud-init[958]: The key's randomart image is:
[   13.630063] cloud-init[958]: +--[ED25519 256]--+
[   13.630831] cloud-init[958]: |                 |
[   13.632134] cloud-init[958]: |   .             |
[   13.632772] cloud-init[958]: |  o .   .        |
[   13.633379] cloud-init[958]: | o   . . o       |
[   13.633942] cloud-init[958]: |  . o . S .      |
[   13.634541] cloud-init[958]: |.o ..o+o         |
[   13.635161] cloud-init[958]: |+.*o*O..+        |
[   13.635752] cloud-init[958]: |=OEBB=o+...      |
         Starting Accounts Service...
[[0;32m  OK  [0m] Started FUSE filesystem for LXC.
         Starting System Logging Service...
         Starting LSB: MD monitoring daemon...
         Starting Login Service...
         Starting LXD - container startup/shutdown...
[[0;32m  OK  [0m] Started Deferred execution scheduler.
         Starting LSB: Record successful boot for GRUB...
[[0;32m  OK  [0m] Started Regular background program processing daemon.
         Starting Snap Daemon...
[[0;32m  OK  [0m] Started /etc/rc.local Compatibility.
[[0;32m  OK  [0m] Started iSCSI initiator daemon (iscsid).
[[0;32m  OK  [0m] Started System Logging Service.
[   13.642620] cloud-init[958]: |O++o+..o**o.     |
         Starting Login to default iSCSI targets...
[   13.711834] cloud-init[958]: +----[SHA256]-----+
[[0;32m  OK  [0m] Started Login Service.
[[0;32m  OK  [0m] Started Unattended Upgrades Shutdown.
[[0;32m  OK  [0m] Started LSB: MD monitoring daemon.
[[0;32m  OK  [0m] Started Login to default iSCSI targets.
[[0;32m  OK  [0m] Reached target Remote File Systems (Pre).
[[0;32m  OK  [0m] Reached target Remote File Systems.
         Starting LSB: Set the CPU Frequency Scaling governor to "ondemand"...
         Starting LSB: automatic crash report generation...
         Starting LSB: daemon to balance interrupts for SMP systems...
         Starting Permit User Sessions...
[[0;32m  OK  [0m] Started LSB: Record successful boot for GRUB.
         Starting Authenticate and Authorize Users to Run Privileged Tasks...
[[0;32m  OK  [0m] Started Permit User Sessions.
         Starting Hold until boot process finishes up...
         Starting Terminate Plymouth Boot Screen...
[[0;32m  OK  [0m] Started Hold until boot process finishes up.
[[0;32m  OK  [0m] Started Terminate Plymouth Boot Screen.
[[0;32m  OK  [0m] Started Getty on tty1.
[[0;32m  OK  [0m] Started Serial Getty on ttyS0.
[[0;32m  OK  [0m] Reached target Login Prompts.
         Starting Set console scheme...
[[0;32m  OK  [0m] Started Set console scheme.
[[0;32m  OK  [0m] Started LXD - container startup/shutdown.
[[0;32m  OK  [0m] Started LSB: Set the CPU Frequency Scaling governor to "ondemand".
[[0;32m  OK  [0m] Started LSB: automatic crash report generation.
[[0;32m  OK  [0m] Started LSB: daemon to balance interrupts for SMP systems.
[[0;32m  OK  [0m] Started Authenticate and Authorize Users to Run Privileged Tasks.
[[0;32m  OK  [0m] Started Accounts Service.
[[0;32m  OK  [0m] Started Virtualbox guest utils.
[[0;32m  OK  [0m] Started Snap Daemon.
         Starting Wait until snapd is fully seeded...

Ubuntu 16.04.7 LTS ubuntu-xenial ttyS0

ubuntu-xenial login: [   53.802141] cloud-init[1785]: Generating locales (this might take a while)...
[   54.657264] cloud-init[1785]:   en_US.UTF-8... done
[   54.657913] cloud-init[1785]: Generation complete.
[   54.926967] cloud-init[1785]: Cloud-init v. 21.1-19-gbad84ad4-0ubuntu1~16.04.2 running 'modules:config' at Mon, 20 May 2024 10:58:37 +0000. Up 53.67 seconds.
ci-info: no authorized SSH keys fingerprints found for user ubuntu.
<14>May 20 10:58:39 ec2: 
<14>May 20 10:58:39 ec2: #############################################################
<14>May 20 10:58:39 ec2: -----BEGIN SSH HOST KEY FINGERPRINTS-----
<14>May 20 10:58:39 ec2: 1024 SHA256:5Q8FyXjDgnh9eIy3pjWMpjev9c14ka0D3RpI9vvImlk root@ubuntu-xenial (DSA)
<14>May 20 10:58:39 ec2: 256 SHA256:gm+3j+47rcRoqdE1bMtHlFyn9TtIxq3ZV9jV1X8nza8 root@ubuntu-xenial (ECDSA)
<14>May 20 10:58:39 ec2: 256 SHA256:DQpo7oia92xZNv6BsiEqkl9imnHrRbPfxL7nKys4GY4 root@ubuntu-xenial (ED25519)
<14>May 20 10:58:39 ec2: 2048 SHA256:sHXhDeH0S+n7c6KmjFI58WIpvMaLyc93DllqlVmC1nE root@ubuntu-xenial (RSA)
<14>May 20 10:58:39 ec2: -----END SSH HOST KEY FINGERPRINTS-----
<14>May 20 10:58:39 ec2: #############################################################
-----BEGIN SSH HOST KEY KEYS-----
ecdsa-sha2-nistp256 AAAAE2VjZHNhLXNoYTItbmlzdHAyNTYAAAAIbmlzdHAyNTYAAABBBDJuKM+Y7glO+POPZs0sfLKW6jRAJ1zBNOZ5wI1oPRuPGon7hG4EGilUGPEhYjehJnZv9VHVvtogte9DNjVb4pA= root@ubuntu-xenial
ssh-ed25519 AAAAC3NzaC1lZDI1NTE5AAAAIHnoP2gE+rZ/qiQ7RObrTFs/pRaiXAj1fw0E4HWVDKfC root@ubuntu-xenial
ssh-rsa AAAAB3NzaC1yc2EAAAADAQABAAABAQC3FNUhxqThj0iDKgFyQb7wi54kFq7LUCHx6Mf6Ys0A7rnFuTSnyW97HMNttHDSKsVDNhbor2DP1GujCHDiEhuZDOM/8VUnpHJ4q/0IG2lLowurlNpL8mKNe4/WQ08b963Quzouoj+WkYKR6zIoDeUvjG02Yyv7Tym5lYrlqYFapOHq+V2fbVoum0WOU5wb/fxfyflooOWmq11xGXwD8lgGd0gEyaTaVW0eirSl/zuTYDV4otbAReJrTraCG2YkGgM5x5YACK0RoAY6mI7p/fmnQjFDHBxKmxYUbwzus0XQ4qlujXxyHoOjcb99tUhdUsik3BhKQkjKZ4hTnYM0fBWN root@ubuntu-xenial
-----END SSH HOST KEY KEYS-----
[   55.469979] cloud-init[1828]: Cloud-init v. 21.1-19-gbad84ad4-0ubuntu1~16.04.2 running 'modules:final' at Mon, 20 May 2024 10:58:38 +0000. Up 55.30 seconds.
[   55.471286] cloud-init[1828]: ci-info: no authorized SSH keys fingerprints found for user ubuntu.
[   55.472214] cloud-init[1828]: Cloud-init v. 21.1-19-gbad84ad4-0ubuntu1~16.04.2 finished at Mon, 20 May 2024 10:58:39 +0000. Datasource DataSourceNoCloud [seed=/dev/sdb][dsmode=net].  Up 55.46 seconds
         Stopping Authenticate and Authorize Users to Run Privileged Tasks...
[[0;32m  OK  [0m] Stopped target Graphical Interface.
[[0;32m  OK  [0m] Closed Load/Save RF Kill Switch Status /dev/rfkill Watch.
         Stopping User Manager for UID 1000...
         Stopping ACPI event daemon...
         Stopping Session 3 of user vagrant.
[[0;32m  OK  [0m] Stopped target Cloud-init target.
[[0;32m  OK  [0m] Stopped Execute cloud user/final scripts.
[[0;32m  OK  [0m] Stopped Apply the settings specified in cloud-config.
[[0;32m  OK  [0m] Stopped target Cloud-config availability.
[[0;32m  OK  [0m] Stopped target Multi-User System.
         Stopping FUSE filesystem for LXC...
         Stopping LSB: Set the CPU Frequency Scaling governor to "ondemand"...
         Stopping Deferred execution scheduler...
[[0;32m  OK  [0m] Stopped target Login Prompts.
         Stopping Getty on tty1...
         Stopping OpenBSD Secure Shell server...
         Stopping D-Bus System Message Bus...
         Stopping MySQL Community Server...
         Stopping LXD - container startup/shutdown...
         Stopping LSB: automatic crash report generation...
         Stopping Regular background program processing daemon...
         Stopping LSB: daemon to balance interrupts for SMP systems...
         Stopping Session 5 of user vagrant.
         Stopping System Logging Service...
         Stopping LSB: Record successful boot for GRUB...
[[0;32m  OK  [0m] Stopped target Timers.
[[0;32m  OK  [0m] Stopped Daily Cleanup of Temporary Directories.
[[0;32m  OK  [0m] Stopped Daily apt upgrade and clean activities.
[[0;32m  OK  [0m] Stopped Ubuntu Advantage update messaging.
[[0;32m  OK  [0m] Stopped Daily apt download activities.
[[0;32m  OK  [0m] Stopped Message of the Day.
[[0;32m  OK  [0m] Stopped target System Time Synchronized.
[[0;32m  OK  [0m] Stopped Wait until snapd is fully seeded.
         Stopping Accounts Service...
         Stopping LSB: MD monitoring daemon...
         Stopping Serial Getty on ttyS0...
         Stopping Virtualbox guest utils...
[[0;32m  OK  [0m] Unmounted /var/lib/lxcfs.
[[0;32m  OK  [0m] Stopped Accounts Service.
[[0;32m  OK  [0m] Stopped System Logging Service.
[[0;32m  OK  [0m] Stopped ACPI event daemon.
[[0;32m  OK  [0m] Stopped Deferred execution scheduler.
[[0;32m  OK  [0m] Stopped Regular background program processing daemon.
[[0;32m  OK  [0m] Stopped Authenticate and Authorize Users to Run Privileged Tasks.
[[0;32m  OK  [0m] Stopped Getty on tty1.
[[0;32m  OK  [0m] Stopped Serial Getty on ttyS0.
[[0;32m  OK  [0m] Stopped OpenBSD Secure Shell server.
[[0;32m  OK  [0m] Stopped User Manager for UID 1000.
[[0;32m  OK  [0m] Stopped Session 3 of user vagrant.
[[0;32m  OK  [0m] Stopped D-Bus System Message Bus.
[[0;32m  OK  [0m] Stopped Session 5 of user vagrant.
[[0;32m  OK  [0m] Stopped FUSE filesystem for LXC.
[[0;32m  OK  [0m] Stopped LSB: Set the CPU Frequency Scaling governor to "ondemand".
[[0;32m  OK  [0m] Stopped LXD - container startup/shutdown.
[[0;32m  OK  [0m] Stopped LSB: daemon to balance interrupts for SMP systems.
[[0;32m  OK  [0m] Stopped LSB: Record successful boot for GRUB.
[[0;32m  OK  [0m] Stopped LSB: MD monitoring daemon.
[[0;32m  OK  [0m] Stopped LSB: automatic crash report generation.
[[0;32m  OK  [0m] Stopped Virtualbox guest utils.
[[0;32m  OK  [0m] Removed slice User Slice of vagrant.
         Stopping Login Service...
[[0;32m  OK  [0m] Removed slice system-serial\x2dgetty.slice.
         Stopping Permit User Sessions...
[[0;32m  OK  [0m] Stopped /etc/rc.local Compatibility.
[[0;32m  OK  [0m] Removed slice system-getty.slice.
[[0;32m  OK  [0m] Stopped Permit User Sessions.
[[0;32m  OK  [0m] Stopped target Remote File Systems.
         Unmounting /vagrant...
[[0;32m  OK  [0m] Unmounted /vagrant.
[[0;32m  OK  [0m] Stopped target Remote File Systems (Pre).
         Stopping Login to default iSCSI targets...
[[0;32m  OK  [0m] Stopped Login Service.
[[0;32m  OK  [0m] Stopped target User and Group Name Lookups.
[[0;32m  OK  [0m] Stopped Login to default iSCSI targets.
         Stopping iSCSI initiator daemon (iscsid)...
[[0;32m  OK  [0m] Stopped iSCSI initiator daemon (iscsid).
[[0;32m  OK  [0m] Stopped target Network is Online.
[[0;32m  OK  [0m] Stopped MySQL Community Server.
[[0;32m  OK  [0m] Stopped target Basic System.
[[0;32m  OK  [0m] Stopped target Slices.
[[0;32m  OK  [0m] Removed slice User and Session Slice.
[[0;32m  OK  [0m] Stopped target Paths.
[[0;32m  OK  [0m] Stopped ACPI Events Check.
[[0;32m  OK  [0m] Stopped Dispatch Password Requests to Console Directory Watch.
[[0;32m  OK  [0m] Stopped Forward Password Requests to Wall Directory Watch.
[[0;32m  OK  [0m] Stopped target Sockets.
[[0;32m  OK  [0m] Closed ACPID Listen Socket.
[[0;32m  OK  [0m] Closed Syslog Socket.
[[0;32m  OK  [0m] Closed Socket activation for snappy daemon.
[[0;32m  OK  [0m] Closed UUID daemon activation socket.
[[0;32m  OK  [0m] Closed D-Bus System Message Bus Socket.
[[0;32m  OK  [0m] Closed LXD - unix socket.
[[0;32m  OK  [0m] Stopped target System Initialization.
[[0;32m  OK  [0m] Stopped target Encrypted Volumes.
[[0;32m  OK  [0m] Stopped target Swap.
[[0;32m  OK  [0m] Stopped Commit a transient machine-id on disk.
[[0;32m  OK  [0m] Stopped Initial cloud-init job (metadata service crawler).
         Stopping Load/Save Random Seed...
[[0;32m  OK  [0m] Stopped Create Volatile Files and Directories.
[[0;32m  OK  [0m] Stopped target Network.
         Stopping Raise network interfaces...
[[0;32m  OK  [0m] Stopped Load/Save Random Seed.
[[0;32m  OK  [0m] Stopped Raise network interfaces.
[[0;32m  OK  [0m] Stopped target Local File Systems.
         Unmounting /run/user/1000...
[[0;32m  OK  [0m] Stopped Apply Kernel Variables.
[[0;32m  OK  [0m] Stopped Load Kernel Modules.
[[0;32m  OK  [0m] Stopped target Network (Pre).
[[0;32m  OK  [0m] Stopped Initial cloud-init job (pre-networking).
[[0;32m  OK  [0m] Unmounted /run/user/1000.
[[0;32m  OK  [0m] Reached target Unmount All Filesystems.
[[0;32m  OK  [0m] Stopped target Local File Systems (Pre).
         Stopping Monitoring of LVM2 mirrors... dmeventd or progress polling...
[[0;32m  OK  [0m] Stopped Create Static Device Nodes in /dev.
[[0;32m  OK  [0m] Stopped Remount Root and Kernel File Systems.
[[0;32m  OK  [0m] Reached target Shutdown.
[ 2243.385032] reboot: Power down
